2023-02-05 11:11:04,317:INFO:PyCaret Supervised Module
2023-02-05 11:11:04,317:INFO:ML Usecase: clustering
2023-02-05 11:11:04,317:INFO:version 2.3.10
2023-02-05 11:11:04,318:INFO:Initializing setup()
2023-02-05 11:11:04,318:INFO:setup(target=None, ml_usecase=clustering, available_plots={'cluster': 'Cluster PCA Plot (2d)', 'tsne': 'Cluster TSnE (3d)', 'elbow': 'Elbow', 'silhouette': 'Silhouette', 'distance': 'Distance', 'distribution': 'Distribution'}, train_size=0.7, test_data=None, preprocess=True, imputation_type=simple, iterative_imputation_iters=5, categorical_features=None, categorical_imputation=mode, categorical_iterative_imputer=lightgbm, ordinal_features=None, high_cardinality_features=None, high_cardinality_method=frequency, numeric_features=None, numeric_imputation=mean, numeric_iterative_imputer=lightgbm, date_features=None, ignore_features=None, normalize=True, normalize_method=zscore, transformation=False, transformation_method=yeo-johnson, handle_unknown_categorical=True, unknown_categorical_method=least_frequent, pca=False, pca_method=linear, pca_components=None, ignore_low_variance=False, combine_rare_levels=False, rare_level_threshold=0.1, bin_numeric_features=None, remove_outliers=False, outliers_threshold=0.05, remove_multicollinearity=False, multicollinearity_threshold=0.9, remove_perfect_collinearity=False, create_clusters=False, cluster_iter=20, polynomial_features=False, polynomial_degree=2, trigonometry_features=False, polynomial_threshold=0.1, group_features=None, group_names=None, feature_selection=False, feature_selection_threshold=0.8, feature_selection_method=classic, feature_interaction=False, feature_ratio=False, interaction_threshold=0.01, fix_imbalance=False, fix_imbalance_method=None, transform_target=False, transform_target_method=box-cox, data_split_shuffle=False, data_split_stratify=False, fold_strategy=kfold, fold=10, fold_shuffle=False, fold_groups=None, n_jobs=-1, use_gpu=False, custom_pipeline=None, html=True, session_id=None, log_experiment=False, experiment_name=None, experiment_custom_tags=None, log_plots=False, log_profile=False, log_data=False, silent=False, verbose=True, profile=False, profile_kwargs=None, display=None)
2023-02-05 11:11:04,318:INFO:Checking environment
2023-02-05 11:11:04,318:INFO:python_version: 3.8.0
2023-02-05 11:11:04,318:INFO:python_build: ('tags/v3.8.0:fa919fd', 'Oct 14 2019 19:37:50')
2023-02-05 11:11:04,318:INFO:machine: AMD64
2023-02-05 11:11:04,318:INFO:platform: Windows-10-10.0.19041-SP0
2023-02-05 11:11:04,323:INFO:Memory: svmem(total=8424902656, available=670650368, percent=92.0, used=7754252288, free=670650368)
2023-02-05 11:11:04,323:INFO:Physical Core: 6
2023-02-05 11:11:04,323:INFO:Logical Core: 12
2023-02-05 11:11:04,323:INFO:Checking libraries
2023-02-05 11:11:04,323:INFO:pd==1.5.2
2023-02-05 11:11:04,323:INFO:numpy==1.20.3
2023-02-05 11:11:04,323:INFO:sklearn==0.23.2
2023-02-05 11:11:04,324:INFO:lightgbm==3.3.3
2023-02-05 11:11:04,325:WARNING:catboost not found
2023-02-05 11:11:04,325:WARNING:xgboost not found
2023-02-05 11:11:04,325:INFO:mlflow==2.1.1
2023-02-05 11:11:04,325:INFO:Checking Exceptions
2023-02-05 11:11:04,326:INFO:Declaring global variables
2023-02-05 11:11:04,326:INFO:USI: 780e
2023-02-05 11:11:04,326:INFO:pycaret_globals: {'_all_metrics', 'gpu_param', 'transform_target_param', 'fix_imbalance_param', 'transform_target_method_param', 'stratify_param', '_available_plots', 'prep_pipe', 'dashboard_logger', 'create_model_container', 'seed', 'exp_name_log', 'data_before_preprocess', '_gpu_n_jobs_param', 'imputation_classifier', '_all_models_internal', '_internal_pipeline', '_all_models', 'master_model_container', 'logging_param', 'log_plots_param', 'X', 'fold_generator', 'fix_imbalance_method_param', 'fold_groups_param_full', 'display_container', 'n_jobs_param', 'USI', 'fold_groups_param', 'fold_shuffle_param', 'experiment__', 'target_param', 'pycaret_globals', 'iterative_imputation_iters_param', 'imputation_regressor', 'fold_param', '_ml_usecase', 'html_param'}
2023-02-05 11:11:04,326:INFO:Preparing display monitor
2023-02-05 11:11:04,326:INFO:Preparing display monitor
2023-02-05 11:11:04,342:INFO:Importing libraries
2023-02-05 11:11:04,342:INFO:Copying data for preprocessing
2023-02-05 11:11:04,353:INFO:Declaring preprocessing parameters
2023-02-05 11:11:04,358:INFO:Creating preprocessing pipeline
2023-02-05 11:11:04,475:INFO:Preprocessing pipeline created successfully
2023-02-05 11:11:04,475:ERROR:(Process Exit): setup has been interupted with user command 'quit'. setup must rerun.
2023-02-05 11:11:04,475:INFO:Creating global containers
2023-02-05 11:11:04,477:INFO:Internal pipeline: Pipeline(memory=None, steps=[('empty_step', 'passthrough')], verbose=False)
2023-02-05 11:11:06,758:INFO:Creating grid variables
2023-02-05 11:11:06,768:INFO:create_model_container: 0
2023-02-05 11:11:06,768:INFO:master_model_container: 0
2023-02-05 11:11:06,769:INFO:display_container: 1
2023-02-05 11:11:06,772:INFO:Pipeline(memory=None,
         steps=[('dtypes',
                 DataTypes_Auto_infer(categorical_features=[],
                                      display_types=True, features_todrop=[],
                                      id_columns=[], ml_usecase='regression',
                                      numerical_features=[],
                                      target='UNSUPERVISED_DUMMY_TARGET',
                                      time_features=[])),
                ('imputer',
                 Simple_Imputer(categorical_strategy='most frequent',
                                fill_value_categorical=None,
                                fill_value_numerical=None...
                ('P_transform', 'passthrough'), ('binn', 'passthrough'),
                ('rem_outliers', 'passthrough'), ('cluster_all', 'passthrough'),
                ('dummy', Dummify(target='UNSUPERVISED_DUMMY_TARGET')),
                ('fix_perfect', 'passthrough'),
                ('clean_names', Clean_Colum_Names()),
                ('feature_select', 'passthrough'), ('fix_multi', 'passthrough'),
                ('dfs', 'passthrough'), ('pca', 'passthrough')],
         verbose=False)
2023-02-05 11:11:06,773:INFO:setup() succesfully completed......................................
2023-02-05 11:11:06,882:INFO:Initializing create_model()
2023-02-05 11:11:06,882:INFO:create_model(estimator=kmeans, num_clusters=4, fraction=0.05, ground_truth=None, round=4, fit_kwargs=None, verbose=True, system=True, add_to_model_list=True, raise_num_clusters=False, experiment_custom_tags=None, display=None, kwargs={})
2023-02-05 11:11:06,882:INFO:Checking exceptions
2023-02-05 11:11:06,882:INFO:Preparing display monitor
2023-02-05 11:11:06,899:INFO:Importing libraries
2023-02-05 11:11:06,906:INFO:Importing untrained model
2023-02-05 11:11:06,916:INFO:K-Means Clustering Imported succesfully
2023-02-05 11:11:06,925:INFO:Fitting Model
2023-02-05 11:11:07,051:INFO:KMeans(algorithm='auto', copy_x=True, init='k-means++', max_iter=300,
       n_clusters=4, n_init=10, n_jobs=-1, precompute_distances='deprecated',
       random_state=1893, tol=0.0001, verbose=0)
2023-02-05 11:11:07,051:INFO:create_models() succesfully completed......................................
2023-02-05 11:11:07,051:INFO:Uploading results into container
2023-02-05 11:11:07,054:INFO:Uploading model into container now
2023-02-05 11:11:07,060:INFO:create_model_container: 1
2023-02-05 11:11:07,061:INFO:master_model_container: 1
2023-02-05 11:11:07,061:INFO:display_container: 2
2023-02-05 11:11:07,061:INFO:KMeans(algorithm='auto', copy_x=True, init='k-means++', max_iter=300,
       n_clusters=4, n_init=10, n_jobs=-1, precompute_distances='deprecated',
       random_state=1893, tol=0.0001, verbose=0)
2023-02-05 11:11:07,061:INFO:create_model() succesfully completed......................................
2023-02-05 11:11:07,165:INFO:Initializing evaluate_model()
2023-02-05 11:11:07,166:INFO:evaluate_model(estimator=KMeans(algorithm='auto', copy_x=True, init='k-means++', max_iter=300,
       n_clusters=4, n_init=10, n_jobs=-1, precompute_distances='deprecated',
       random_state=1893, tol=0.0001, verbose=0), fold=None, fit_kwargs=None, plot_kwargs=None, feature_name=None, groups=None, use_train_data=False)
2023-02-05 11:11:07,189:INFO:Initializing plot_model()
2023-02-05 11:11:07,189:INFO:plot_model(fold=KFold(n_splits=10, random_state=None, shuffle=False), use_train_data=False, verbose=True, is_in_evaluate=True, display=None, display_format=None, estimator=KMeans(algorithm='auto', copy_x=True, init='k-means++', max_iter=300,
       n_clusters=4, n_init=10, n_jobs=-1, precompute_distances='deprecated',
       random_state=1893, tol=0.0001, verbose=0), feature_name=None, fit_kwargs={}, groups=None, label=False, plot=cluster, plot_kwargs={}, save=False, scale=1, system=True)
2023-02-05 11:11:07,189:INFO:Checking exceptions
2023-02-05 11:11:07,189:INFO:Preparing display monitor
2023-02-05 11:11:07,195:INFO:Preloading libraries
2023-02-05 11:11:07,196:INFO:Copying training dataset
2023-02-05 11:11:07,197:INFO:Plot type: cluster
2023-02-05 11:11:07,198:INFO:SubProcess assign_model() called ==================================
2023-02-05 11:11:07,199:INFO:Initializing assign_model()
2023-02-05 11:11:07,199:INFO:assign_model(model=Pipeline(memory=None,
         steps=[('empty_step', 'passthrough'),
                ('actual_estimator',
                 KMeans(algorithm='auto', copy_x=True, init='k-means++',
                        max_iter=300, n_clusters=4, n_init=10, n_jobs=-1,
                        precompute_distances='deprecated', random_state=1893,
                        tol=0.0001, verbose=0))],
         verbose=False), transformation=True, score=True, verbose=False)
2023-02-05 11:11:07,199:INFO:Checking exceptions
2023-02-05 11:11:07,199:INFO:Determining Trained Model
2023-02-05 11:11:07,199:INFO:Trained Model : K-Means Clustering
2023-02-05 11:11:07,200:INFO:Copying data
2023-02-05 11:11:07,200:INFO:Transformation param set to True. Assigned clusters are attached on transformed dataset.
2023-02-05 11:11:07,200:INFO:(267, 393)
2023-02-05 11:11:07,201:INFO:assign_model() succesfully completed......................................
2023-02-05 11:11:07,201:INFO:SubProcess assign_model() end ==================================
2023-02-05 11:11:07,202:INFO:Fitting PCA()
2023-02-05 11:11:07,337:INFO:Sorting dataframe
2023-02-05 11:11:07,340:INFO:Rendering Visual
2023-02-05 11:11:08,039:INFO:Visual Rendered Successfully
2023-02-05 11:11:08,115:INFO:plot_model() succesfully completed......................................
2023-02-05 11:11:08,158:INFO:Initializing assign_model()
2023-02-05 11:11:08,159:INFO:assign_model(model=KMeans(algorithm='auto', copy_x=True, init='k-means++', max_iter=300,
       n_clusters=4, n_init=10, n_jobs=-1, precompute_distances='deprecated',
       random_state=1893, tol=0.0001, verbose=0), transformation=False, score=True, verbose=True)
2023-02-05 11:11:08,159:INFO:Checking exceptions
2023-02-05 11:11:08,159:INFO:Determining Trained Model
2023-02-05 11:11:08,159:INFO:Trained Model : K-Means Clustering
2023-02-05 11:11:08,159:INFO:Copying data
2023-02-05 11:11:08,161:INFO:(267, 198)
2023-02-05 11:11:08,161:INFO:assign_model() succesfully completed......................................
